<?xml version="1.0" encoding="UTF-8"?>
<!-- Generated by org.testng.reporters.JUnitReportReporter -->
<testsuite skipped="0" hostname="DESKTOP-RO6FVRF" name="com.noorteck.qa.tests.CampaingsPageTest" tests="5" failures="0" timestamp="2019-12-28T12:13:44 EST" time="87.124" errors="0">
  <testcase name="campaingsPageHeaderTest" time="15.894" classname="com.noorteck.qa.tests.CampaingsPageTest"/>
  <testcase name="campaingsPageCreateEmailMessage" time="17.871" classname="com.noorteck.qa.tests.CampaingsPageTest"/>
  <testcase name="campaingsPageCreateSmSMessage" time="17.971" classname="com.noorteck.qa.tests.CampaingsPageTest"/>
  <testcase name="campaingsPageRemoveEmailMessage" time="16.777" classname="com.noorteck.qa.tests.CampaingsPageTest"/>
  <testcase name="campaingsPageRemoveSmSMessage" time="18.611" classname="com.noorteck.qa.tests.CampaingsPageTest"/>
</testsuite> <!-- com.noorteck.qa.tests.CampaingsPageTest -->
