<?xml version="1.0" encoding="UTF-8"?>
<!-- Generated by org.testng.reporters.JUnitReportReporter -->
<testsuite skipped="0" hostname="DESKTOP-RO6FVRF" name="com.noorteck.qa.tests.LoginPageTest" tests="2" failures="0" timestamp="2019-12-22T13:54:06 EST" time="24.755" errors="0">
  <testcase name="loginTest" time="11.762" classname="com.noorteck.qa.tests.LoginPageTest"/>
  <testcase name="negLoginTest" time="12.993" classname="com.noorteck.qa.tests.LoginPageTest"/>
</testsuite> <!-- com.noorteck.qa.tests.LoginPageTest -->
