<?xml version="1.0" encoding="UTF-8"?>
<!-- Generated by org.testng.reporters.JUnitReportReporter -->
<testsuite skipped="0" hostname="DESKTOP-RO6FVRF" name="com.noorteck.qa.tests.HomePageTest" tests="2" failures="0" timestamp="2019-12-28T14:52:36 EST" time="40.187" errors="0">
  <testcase name="homePageTitleTest" time="21.450" classname="com.noorteck.qa.tests.HomePageTest"/>
  <testcase name="homePageUserNameTest" time="18.737" classname="com.noorteck.qa.tests.HomePageTest"/>
</testsuite> <!-- com.noorteck.qa.tests.HomePageTest -->
