<?xml version="1.0" encoding="UTF-8"?>
<!-- Generated by org.testng.reporters.JUnitReportReporter -->
<testsuite skipped="0" hostname="DESKTOP-RO6FVRF" name="com.noorteck.qa.tests.TasksPageTest" tests="1" failures="0" timestamp="2019-12-28T15:02:49 EST" time="22.387" errors="0">
  <testcase name="tasksPageCreateNewTask" time="22.387" classname="com.noorteck.qa.tests.TasksPageTest"/>
</testsuite> <!-- com.noorteck.qa.tests.TasksPageTest -->
