<?xml version="1.0" encoding="UTF-8"?>
<!-- Generated by org.testng.reporters.JUnitReportReporter -->
<testsuite skipped="0" hostname="DESKTOP-RO6FVRF" name="com.noorteck.qa.tests.FormsPageTest" tests="1" failures="0" timestamp="2019-12-25T14:08:15 EST" time="13.591" errors="0">
  <testcase name="formsPageCreateNewForm" time="13.591" classname="com.noorteck.qa.tests.FormsPageTest"/>
</testsuite> <!-- com.noorteck.qa.tests.FormsPageTest -->
